<?xml version="1.0" encoding="UTF-8"?>
<!-- Generated by org.testng.reporters.JUnitReportReporter -->
<testsuite skipped="0" hostname="DESKTOP-SAMJ4PE" name="com.orglearningMaven.HelloWorldTest" tests="1" failures="0" timestamp="2020-01-23T20:29:25 IST" time="9.811" errors="0">
  <testcase name="Login" time="9.811" classname="com.orglearningMaven.HelloWorldTest"/>
</testsuite> <!-- com.orglearningMaven.HelloWorldTest -->
