<?xml version="1.0" encoding="UTF-8"?>
<!-- Generated by org.testng.reporters.JUnitReportReporter -->
<testsuite hostname="DESKTOP-SAMJ4PE" name="com.orglearningMaven.HelloWorldTest" tests="1" failures="0" timestamp="23 Jan 2020 13:55:01 GMT" time="11.406" errors="0">
  <testcase name="Login" time="11.406" classname="com.orglearningMaven.HelloWorldTest"/>
</testsuite> <!-- com.orglearningMaven.HelloWorldTest -->
